Flow report for bin2bcdMCDU
Tue Sep 24 21:42:52 2019
Quartus II 32-bit Version 13.0.1 Build 232 06/12/2013 Service Pack 1 SJ Full Version


---------------------
; Table of Contents ;
---------------------
  1. Legal Notice
  2. Flow Summary
  3. Flow Settings
  4. Flow Non-Default Global Settings
  5. Flow Elapsed Time
  6. Flow OS Summary
  7. Flow Log
  8. Flow Messages
  9. Flow Suppressed Messages



----------------
; Legal Notice ;
----------------
Copyright (C) 1991-2013 Altera Corporation
Your use of Altera Corporation's design tools, logic functions 
and other software and tools, and its AMPP partner logic 
functions, and any output files from any of the foregoing 
(including device programming or simulation files), and any 
associated documentation or information are expressly subject 
to the terms and conditions of the Altera Program License 
Subscription Agreement, Altera MegaCore Function License 
Agreement, or other applicable license agreement, including, 
without limitation, that your use is for the sole purpose of 
programming logic devices manufactured by Altera and sold by 
Altera or its authorized distributors.  Please refer to the 
applicable agreement for further details.



+------------------------------------------------------------------------------+
; Flow Summary                                                                 ;
+---------------------------+--------------------------------------------------+
; Flow Status               ; Successful - Tue Sep 24 21:42:52 2019            ;
; Quartus II 32-bit Version ; 13.0.1 Build 232 06/12/2013 SP 1 SJ Full Version ;
; Revision Name             ; bin2bcdMCDU                                      ;
; Top-level Entity Name     ; bin2bcdMCDU                                      ;
; Family                    ; Cyclone                                          ;
; Device                    ; EP1C3T100A8                                      ;
; Timing Models             ; Final                                            ;
; Total logic elements      ; 430 / 2,910 ( 15 % )                             ;
; Total pins                ; 30 / 65 ( 46 % )                                 ;
; Total virtual pins        ; 0                                                ;
; Total memory bits         ; 0 / 59,904 ( 0 % )                               ;
; Total PLLs                ; 0 / 1 ( 0 % )                                    ;
+---------------------------+--------------------------------------------------+


+-----------------------------------------+
; Flow Settings                           ;
+-------------------+---------------------+
; Option            ; Setting             ;
+-------------------+---------------------+
; Start date & time ; 09/24/2019 21:42:15 ;
; Main task         ; Compilation         ;
; Revision Name     ; bin2bcdMCDU         ;
+-------------------+---------------------+


+---------------------------------------------------------------------------------------------------------------------+
; Flow Non-Default Global Settings                                                                                    ;
+-------------------------------------+--------------------------------+---------------+-------------+----------------+
; Assignment Name                     ; Value                          ; Default Value ; Entity Name ; Section Id     ;
+-------------------------------------+--------------------------------+---------------+-------------+----------------+
; COMPILER_SIGNATURE_ID               ; 11373243925235.156936133532114 ; --            ; --          ; --             ;
; EDA_GENERATE_FUNCTIONAL_NETLIST     ; On                             ; --            ; --          ; eda_simulation ;
; EDA_OUTPUT_DATA_FORMAT              ; Verilog Hdl                    ; --            ; --          ; eda_simulation ;
; EDA_SIMULATION_TOOL                 ; ModelSim-Altera (Verilog)      ; <None>        ; --          ; --             ;
; EDA_TIME_SCALE                      ; 1 ps                           ; --            ; --          ; eda_simulation ;
; PARTITION_COLOR                     ; 16764057                       ; --            ; --          ; Top            ;
; PARTITION_FITTER_PRESERVATION_LEVEL ; PLACEMENT_AND_ROUTING          ; --            ; --          ; Top            ;
; PARTITION_NETLIST_TYPE              ; SOURCE                         ; --            ; --          ; Top            ;
; PROJECT_OUTPUT_DIRECTORY            ; output_files                   ; --            ; --          ; --             ;
+-------------------------------------+--------------------------------+---------------+-------------+----------------+


+-------------------------------------------------------------------------------------------------------------------------------+
; Flow Elapsed Time                                                                                                             ;
+---------------------------+--------------+-------------------------+---------------------+------------------------------------+
; Module Name               ; Elapsed Time ; Average Processors Used ; Peak Virtual Memory ; Total CPU Time (on all processors) ;
+---------------------------+--------------+-------------------------+---------------------+------------------------------------+
; Analysis & Synthesis      ; 00:00:08     ; 1.0                     ; 372 MB              ; 00:00:03                           ;
; Fitter                    ; 00:00:05     ; 1.0                     ; 588 MB              ; 00:00:04                           ;
; Assembler                 ; 00:00:02     ; 1.0                     ; 308 MB              ; 00:00:01                           ;
; TimeQuest Timing Analyzer ; 00:00:03     ; 1.0                     ; 308 MB              ; 00:00:01                           ;
; EDA Netlist Writer        ; 00:00:02     ; 1.0                     ; 299 MB              ; 00:00:01                           ;
; Total                     ; 00:00:20     ; --                      ; --                  ; 00:00:10                           ;
+---------------------------+--------------+-------------------------+---------------------+------------------------------------+


+----------------------------------------------------------------------------------------------------+
; Flow OS Summary                                                                                    ;
+---------------------------+-------------------------+----------------+------------+----------------+
; Module Name               ; Machine Hostname        ; OS Name        ; OS Version ; Processor type ;
+---------------------------+-------------------------+----------------+------------+----------------+
; Analysis & Synthesis      ; quartus-69b945f5b-chszc ; Ubuntu 18.04.3 ; 18         ; x86_64         ;
; Fitter                    ; quartus-69b945f5b-chszc ; Ubuntu 18.04.3 ; 18         ; x86_64         ;
; Assembler                 ; quartus-69b945f5b-chszc ; Ubuntu 18.04.3 ; 18         ; x86_64         ;
; TimeQuest Timing Analyzer ; quartus-69b945f5b-chszc ; Ubuntu 18.04.3 ; 18         ; x86_64         ;
; EDA Netlist Writer        ; quartus-69b945f5b-chszc ; Ubuntu 18.04.3 ; 18         ; x86_64         ;
+---------------------------+-------------------------+----------------+------------+----------------+


------------
; Flow Log ;
------------
quartus_map --read_settings_files=on --write_settings_files=off bin2bcdMCDU -c bin2bcdMCDU
quartus_fit --read_settings_files=off --write_settings_files=off bin2bcdMCDU -c bin2bcdMCDU
quartus_asm --read_settings_files=off --write_settings_files=off bin2bcdMCDU -c bin2bcdMCDU
quartus_sta bin2bcdMCDU -c bin2bcdMCDU
quartus_eda --read_settings_files=off --write_settings_files=off bin2bcdMCDU -c bin2bcdMCDU



